BukuTamuJson/build/outputs/logs/manifest-merger-debug-report.txt
-- Merging decision tree log ---
manifest
ADDED from Crud Json\BukuTamuJson\AndroidManifest.xml:2:1-48:12
	package
		ADDED from Crud Json\BukuTamuJson\AndroidManifest.xml:3:5-39
	android:versionName
		ADDED from Crud Json\BukuTamuJson\AndroidManifest.xml:5:5-30
		INJECTED from Crud Json\BukuTamuJson\AndroidManifest.xml
		INJECTED from Crud Json\BukuTamuJson\AndroidManifest.xml
	android:versionCode
		ADDED from Crud Json\BukuTamuJson\AndroidManifest.xml:4:5-28
		INJECTED from Crud Json\BukuTamuJson\AndroidManifest.xml
		INJECTED from Crud Json\BukuTamuJson\AndroidManifest.xml
	xmlns:android
		ADDED from Crud Json\BukuTamuJson\AndroidManifest.xml:2:11-69
uses-sdk
ADDED from Crud Json\BukuTamuJson\AndroidManifest.xml:7:5-9:41
	android:targetSdkVersion
		ADDED from Crud Json\BukuTamuJson\AndroidManifest.xml:9:9-38
	android:minSdkVersion
		ADDED from Crud Json\BukuTamuJson\AndroidManifest.xml:8:9-35
uses-permission#android.permission.INTERNET
ADDED from Crud Json\BukuTamuJson\AndroidManifest.xml:12:5-67
	android:name
		ADDED from Crud Json\BukuTamuJson\AndroidManifest.xml:12:22-64
application
ADDED from Crud Json\BukuTamuJson\AndroidManifest.xml:14:5-47:19
	android:label
		ADDED from Crud Json\BukuTamuJson\AndroidManifest.xml:17:9-41
	android:allowBackup
		ADDED from Crud Json\BukuTamuJson\AndroidManifest.xml:15:9-35
	android:icon
		ADDED from Crud Json\BukuTamuJson\AndroidManifest.xml:16:9-45
	android:theme
		ADDED from Crud Json\BukuTamuJson\AndroidManifest.xml:18:9-40
activity#com.example.bukutamujson.MainActivity
ADDED from Crud Json\BukuTamuJson\AndroidManifest.xml:19:9-27:20
	android:label
		ADDED from Crud Json\BukuTamuJson\AndroidManifest.xml:21:13-45
	android:name
		ADDED from Crud Json\BukuTamuJson\AndroidManifest.xml:20:13-65
intent-filter#android.intent.action.MAIN+android.intent.category.LAUNCHER
ADDED from Crud Json\BukuTamuJson\AndroidManifest.xml:22:13-26:29
action#android.intent.action.MAIN
ADDED from Crud Json\BukuTamuJson\AndroidManifest.xml:23:17-69
	android:name
		ADDED from Crud Json\BukuTamuJson\AndroidManifest.xml:23:25-66
category#android.intent.category.LAUNCHER
ADDED from Crud Json\BukuTamuJson\AndroidManifest.xml:25:17-77
	android:name
		ADDED from Crud Json\BukuTamuJson\AndroidManifest.xml:25:27-74
activity#com.example.bukutamujson.SemuaBukuTamu
ADDED from Crud Json\BukuTamuJson\AndroidManifest.xml:30:9-33:20
	android:label
		ADDED from Crud Json\BukuTamuJson\AndroidManifest.xml:32:13-43
	android:name
		ADDED from Crud Json\BukuTamuJson\AndroidManifest.xml:31:13-42
activity#com.example.bukutamujson.TambahBukuTamu
ADDED from Crud Json\BukuTamuJson\AndroidManifest.xml:36:9-39:20
	android:label
		ADDED from Crud Json\BukuTamuJson\AndroidManifest.xml:38:13-45
	android:name
		ADDED from Crud Json\BukuTamuJson\AndroidManifest.xml:37:13-43
activity#com.example.bukutamujson.EditBukuTamu
ADDED from Crud Json\BukuTamuJson\AndroidManifest.xml:42:9-45:20
	android:label
		ADDED from Crud Json\BukuTamuJson\AndroidManifest.xml:44:13-43
	android:name
		ADDED from Crud Json\BukuTamuJson\AndroidManifest.xml:43:13-41